ClassType.ClassName: "TcxGroupBox", UnitScope: "cxGroupBox", UnitName: "cxGroupBox", ClassName: "TcxGroupBox", Message: "Access violation at address 00FF3EDF in module 'Notar.exe'. Read of address 00000000", Exception: "Access violation at address 00FF3EDF in module 'Notar.exe'. Read of address 00000000", Stack: ""

[Application: Notar.exe]
AuthorizationsDataSet.InsertQuery: [Execute] INSERT INTO CATALOG_AUTHORIZATIONS(
    TRANSPORT_KIND,
    TRANSPORT_BRAND,
    TRANSPORT_MODEL,
    TRANSPORT_TYPE,
    TRANSPORT_COLOR,
    TRANSPORT_CHASSIS_NUMBER,
    TRANSPORT_LOAD_WEIGHT,
    TRANSPORT_WEIGHT,
    TRANSPORT_ENGINE_VOLUME,
    TRANSPORT_REG_NUMBER,
    TRANSPORT_FABRICATION_DATE,
    TRANSPORT_CERTIFICATE_SERIAL,
    TRANSPORT_CERTIFICATE_NUMBER,
    TRANSPORT_CERTIFICATE_REG_DATE,
    TRANSPORT_CERTIFICATE_ISSUER,
    TRANSITE_NUMBER,
    TRANSITE_NUMBER_REMOVED_DATE,
    AUTHORIZATION_NUMBER,
    AUTHORIZATION_VALIDITY_DATE,
    AUTHORIZATION_DATE,
    AUTHORIZATION_DESCRIPTION,
    TRANSITE,
    SUBSTITUTION
)
VALUES(
    :TRANSPORT_KIND,
    :TRANSPORT_BRAND,
    :TRANSPORT_MODEL,
    :TRANSPORT_TYPE,
    :TRANSPORT_COLOR,
    :TRANSPORT_CHASSIS_NUMBER,
    :TRANSPORT_LOAD_WEIGHT,
    :TRANSPORT_WEIGHT,
    :TRANSPORT_ENGINE_VOLUME,
    :TRANSPORT_REG_NUMBER,
    :TRANSPORT_FABRICATION_DATE,
    :TRANSPORT_CERTIFICATE_SERIAL,
    :TRANSPORT_CERTIFICATE_NUMBER,
    :TRANSPORT_CERTIFICATE_REG_DATE,
    :TRANSPORT_CERTIFICATE_ISSUER,
    :TRANSITE_NUMBER,
    :TRANSITE_NUMBER_REMOVED_DATE,
    :AUTHORIZATION_NUMBER,
    :AUTHORIZATION_VALIDITY_DATE,
    :AUTHORIZATION_DATE,
    :AUTHORIZATION_DESCRIPTION,
    :TRANSITE,
    :SUBSTITUTION
)

  TRANSPORT_KIND = '1'
  TRANSPORT_BRAND = '1'
  TRANSPORT_MODEL = '1'
  TRANSPORT_TYPE = '1'
  TRANSPORT_COLOR = '1'
  TRANSPORT_CHASSIS_NUMBER = '1'
  TRANSPORT_LOAD_WEIGHT = '1'
  TRANSPORT_WEIGHT = '1'
  TRANSPORT_ENGINE_VOLUME = '1'
  TRANSPORT_REG_NUMBER = '10'
  TRANSPORT_FABRICATION_DATE = 31.12.1899
  TRANSPORT_CERTIFICATE_SERIAL = '11'
  TRANSPORT_CERTIFICATE_NUMBER = '12'
  TRANSPORT_CERTIFICATE_REG_DATE = 31.12.1899
  TRANSPORT_CERTIFICATE_ISSUER = '13'
  TRANSITE_NUMBER = '14'
  TRANSITE_NUMBER_REMOVED_DATE = 12.12.2013
  AUTHORIZATION_NUMBER = '15'
  AUT
notifycation: CATALOG_AUTHORIZATIONS
Error while table refresh CATALOG_AUTHORIZATIONS
Error while table refresh CATALOG_AUTHORIZATIONS
Error while table refresh CATALOG_AUTHORIZATIONS
Error while table refresh CATALOG_AUTHORIZATIONS
Error while table refresh CATALOG_AUTHORIZATIONS
Error while table refresh CATALOG_AUTHORIZATIONS
Error while table refresh CATALOG_AUTHORIZATIONS
HORIZATION_VALIDITY_DATE = 31.12.1899
  AUTHORIZATION_DATE = 31.12.1899
  AUTHORIZATION_DESCRIPTION = '1'
  TRANSITE = '1'
  SUBSTITUTION = '0'
Rows Affected:  1
Execute tick count 0

[Application: Notar.exe]
AuthorizationsDataSet.RefreshQuery: [Execute] SELECT
    ID,
    TRANSPORT_KIND,
    TRANSPORT_BRAND,
    TRANSPORT_MODEL,
    TRANSPORT_TYPE,
    TRANSPORT_COLOR,
    TRANSPORT_CHASSIS_NUMBER,
    TRANSPORT_LOAD_WEIGHT,
    TRANSPORT_WEIGHT,
    TRANSPORT_ENGINE_VOLUME,
    TRANSPORT_REG_NUMBER,
    TRANSPORT_FABRICATION_DATE,
    TRANSPORT_CERTIFICATE_SERIAL,
    TRANSPORT_CERTIFICATE_NUMBER,
    TRANSPORT_CERTIFICATE_REG_DATE,
    TRANSPORT_CERTIFICATE_ISSUER,
    TRANSITE_NUMBER,
    TRANSITE_NUMBER_REMOVED_DATE,
    AUTHORIZATION_NUMBER,
    AUTHORIZATION_VALIDITY_DATE,
    AUTHORIZATION_DATE,
    AUTHORIZATION_DESCRIPTION,
    TRANSITE,
    SUBSTITUTION
FROM
    CATALOG_AUTHORIZATIONS 

 WHERE 
        CATALOG_AUTHORIZATIONS.ID  IS NULL 
    

  OLD_ID = <NULL>
Execute tick count 0
ClassType.ClassName: "TcxGroupBox", UnitScope: "cxGroupBox", UnitName: "cxGroupBox", ClassName: "TcxGroupBox", Message: "AuthorizationsDataSet: Dataset not in edit or insert mode", Exception: "AuthorizationsDataSet: Dataset not in edit or insert mode", Stack: ""
=====[EXCEPTION]=====
[26.12.2013 23:02:42]
=====================
ClassType.ClassName: "TcxGroupBox", UnitScope: "cxGroupBox", UnitName: "cxGroupBox", ClassName: "TcxGroupBox", Message: "Can't  change transaction  because fmMain.fmAuthorization.dmAuthorization.AddConstituentDataSet dataset open.", Exception: "Can't  change transaction  because fmMain.fmAuthorization.dmAuthorization.AddConstituentDataSet dataset open.", Stack: ""
=====================

=====[EXCEPTION]=====
[26.12.2013 23:10:36]
=====================
ClassType.ClassName: "TcxGroupBox", UnitScope: "cxGroupBox", UnitName: "cxGroupBox", ClassName: "TcxGroupBox", Message: "Parameter "AUTHORIZATION_ID" does not exist in fmMain.fmAuthorization.dmAuthorization.AddConstituentDataSet", Exception: "Parameter "AUTHORIZATION_ID" does not exist in fmMain.fmAuthorization.dmAuthorization.AddConstituentDataSet", Stack: ""
=====================

=====[EXCEPTION]=====
[26.12.2013 23:19:06]
=====================
ClassType.ClassName: "TcxGroupBox", UnitScope: "cxGroupBox", UnitName: "cxGroupBox", ClassName: "TcxGroupBox", Message: "Parameter "AUTHORIZATION_ID" does not exist in fmMain.fmAuthorization.dmAuthorization.AddConstituentDataSet", Exception: "Parameter "AUTHORIZATION_ID" does not exist in fmMain.fmAuthorization.dmAuthorization.AddConstituentDataSet", Stack: ""
=====================

=====[EXCEPTION]=====
[26.12.2013 23:27:40]
=====================
ClassType.ClassName: "TcxGroupBox", UnitScope: "cxGroupBox", UnitName: "cxGroupBox", ClassName: "TcxGroupBox", Message: "Parameter "AUTHORIZATION_ID" does not exist in fmMain.fmAuthorization.dmAuthorization.AddConstituentDataSet", Exception: "Parameter "AUTHORIZATION_ID" does not exist in fmMain.fmAuthorization.dmAuthorization.AddConstituentDataSet", Stack: ""
=====================

=====[EXCEPTION]=====
[26.12.2013 23:29:08]
=====================
ClassType.ClassName: "TcxGroupBox", UnitScope: "cxGroupBox", UnitName: "cxGroupBox", ClassName: "TcxGroupBox", Message: "Parameter "AUTHORIZATION_ID" does not exist in fmMain.fmAuthorization.dmAuthorization.AddConstituentDataSet", Exception: "Parameter "AUTHORIZATION_ID" does not exist in fmMain.fmAuthorization.dmAuthorization.AddConstituentDataSet", Stack: ""
=====================

=====[EXCEPTION]=====
[26.12.2013 23:34:25]
=====================
ClassType.ClassName: "TcxGroupBox", UnitScope: "cxGroupBox", UnitName: "cxGroupBox", ClassName: "TcxGroupBox", Message: "Parameter "AUTHORIZATION_ID" does not exist in fmMain.fmAuthorization.dmAuthorization.AddConstituentDataSet", Exception: "Parameter "AUTHORIZATION_ID" does not exist in fmMain.fmAuthorization.dmAuthorization.AddConstituentDataSet", Stack: ""
=====================

=====[EXCEPTION]=====
[26.12.2013 23:38:35]
=====================
ClassType.ClassName: "TcxGroupBox", UnitScope: "cxGroupBox", UnitName: "cxGroupBox", ClassName: "TcxGroupBox", Message: "Parameter "AUTHORIZATION_ID" does not exist in fmMain.fmAuthorization.dmAuthorization.AddConstituentDataSet", Exception: "Parameter "AUTHORIZATION_ID" does not exist in fmMain.fmAuthorization.dmAuthorization.AddConstituentDataSet", Stack: ""
=====================

=====[EXCEPTION]=====
[26.12.2013 23:40:33]
=====================
ClassType.ClassName: "TcxGroupBox", UnitScope: "cxGroupBox", UnitName: "cxGroupBox", ClassName: "TcxGroupBox", Message: "Parameter "AUTHORIZATION_ID" does not exist in fmMain.fmAuthorization.dmAuthorization.AddConstituentDataSet", Exception: "Parameter "AUTHORIZATION_ID" does not exist in fmMain.fmAuthorization.dmAuthorization.AddConstituentDataSet", Stack: ""
=====================

=====[EXCEPTION]=====
[26.12.2013 23:40:42]
=====================
ClassType.ClassName: "TcxGroupBox", UnitScope: "cxGroupBox", UnitName: "cxGroupBox", ClassName: "TcxGroupBox", Message: "AuthorizationsDataSet: Dataset not in edit or insert mode", Exception: "AuthorizationsDataSet: Dataset not in edit or insert mode", Stack: ""
=====================

=====[EXCEPTION]=====
[26.12.2013 23:40:43]
=====================
ClassType.ClassName: "TcxGroupBox", UnitScope: "cxGroupBox", UnitName: "cxGroupBox", ClassName: "TcxGroupBox", Message: "Access violation at address 00FF49DB in module 'Notar.exe'. Read of address 00000000", Exception: "Access violation at address 00FF49DB in module 'Notar.exe'. Read of address 00000000", Stack: ""
=====================

=====[EXCEPTION]=====
[26.12.2013 23:40:43]
=====================
ClassType.ClassName: "TcxGroupBox", UnitScope: "cxGroupBox", UnitName: "cxGroupBox", ClassName: "TcxGroupBox", Message: "Access violation at address 00FF49DB in module 'Notar.exe'. Read of address 00000000", Exception: "Access violation at address 00FF49DB in module 'Notar.exe'. Read of address 00000000", Stack: ""
=====================

=====[EXCEPTION]=====
[26.12.2013 23:40:43]
=====================
ClassType.ClassName: "TcxGroupBox", UnitScope: "cxGroupBox", UnitName: "cxGroupBox", ClassName: "TcxGroupBox", Message: "Access violation at address 00FF49DB in module 'Notar.exe'. Read of address 00000000", Exception: "Access violation at address 00FF49DB in module 'Notar.exe'. Read of address 00000000", Stack: ""
=====================

=====[EXCEPTION]=====
[26.12.2013 23:40:44]
=====================
ClassType.ClassName: "TcxGroupBox", UnitScope: "cxGroupBox", UnitName: "cxGroupBox", ClassName: "TcxGroupBox", Message: "Access violation at address 00FF49DB in module 'Notar.exe'. Read of address 00000000", Exception: "Access violation at address 00FF49DB in module 'Notar.exe'. Read of address 00000000", Stack: ""
=====================

=====[EXCEPTION]=====
[26.12.2013 23:46:00]
=====================
ClassType.ClassName: "TcxGroupBox", UnitScope: "cxGroupBox", UnitName: "cxGroupBox", ClassName: "TcxGroupBox", Message: "Parameter "AUTHORIZATION_ID" does not exist in fmMain.fmAuthorization.dmAuthorization.AddConstituentDataSet", Exception: "Parameter "AUTHORIZATION_ID" does not exist in fmMain.fmAuthorization.dmAuthorization.AddConstituentDataSet", Stack: ""
=====================

=====[EXCEPTION]=====
[26.12.2013 23:49:53]
=====================
ClassType.ClassName: "TcxGroupBox", UnitScope: "cxGroupBox", UnitName: "cxGroupBox", ClassName: "TcxGroupBox", Message: "Parameter "AUTHORIZATION_ID" does not exist in fmMain.fmAuthorization.dmAuthorization.AddConstituentDataSet", Exception: "Parameter "AUTHORIZATION_ID" does not exist in fmMain.fmAuthorization.dmAuthorization.AddConstituentDataSet", Stack: ""
=====================

